<?xml version="1.0" encoding="UTF-8"?>
<testng-results ignored="0" total="1" passed="1" failed="0" skipped="0">
  <reporter-output>
  </reporter-output>
  <suite started-at="2022-06-08T23:41:03 PKT" name="Default suite" finished-at="2022-06-08T23:41:16 PKT" duration-ms="13102">
    <groups>
    </groups>
    <test started-at="2022-06-08T23:41:03 PKT" name="Default test" finished-at="2022-06-08T23:41:16 PKT" duration-ms="13102">
      <class name="wallet.TestCases.TestLogin">
        <test-method signature="testLogin()[pri:0, instance:wallet.TestCases.TestLogin@79da8dc5]" started-at="2022-06-08T23:41:03 PKT" name="testLogin" finished-at="2022-06-08T23:41:16 PKT" duration-ms="13028" status="PASS">
          <reporter-output>
          </reporter-output>
        </test-method> <!-- testLogin -->
      </class> <!-- wallet.TestCases.TestLogin -->
    </test> <!-- Default test -->
  </suite> <!-- Default suite -->
</testng-results>
